# JRE version: OpenJDK Runtime Environment (18.0.1.1+2) (build 18.0.1.1+2-6)
# Java VM: OpenJDK 64-Bit Server VM (18.0.1.1+2-6, mixed mode, sharing, tiered, compressed oops, compressed class ptrs, g1 gc, windows-amd64)
GC Precious Log:
 CardTable entry size: 512
 Card Set container configuration: InlinePtr #cards 5 size 8 Array Of Cards #cards 12 size 40 Howl #buckets 4 coarsen threshold 1843 Howl Bitmap #cards 512 size 80 coarsen threshold 460 Card regions per heap region 1 cards per card region 2048
 CPUs: 8 total, 8 available
 Memory: 7883M
 Large Page Support: Disabled
 NUMA Support: Disabled
 Compressed Oops: Enabled (32-bit)
 Heap Region Size: 1M
 Heap Min Capacity: 8M
 Heap Initial Capacity: 124M
 Heap Max Capacity: 1972M
 Pre-touch: Disabled
 Parallel Workers: 8
 Concurrent Workers: 2
 Concurrent Refinement Workers: 8
 Periodic GC: Disabled
Heap:
 garbage-first heap   total 68608K, used 24560K [0x0000000084c00000, 0x0000000100000000)
  region size 1024K, 4 young (4096K), 2 survivors (2048K)
 Metaspace       used 54664K, committed 55232K, reserved 1114112K
  class space    used 7335K, committed 7616K, reserved 1048576K
GC Heap History (20 events):
Event: 3.043 GC heap before
{Heap before GC invocations=0 (full 0):
 garbage-first heap   total 126976K, used 23552K [0x0000000084c00000, 0x0000000100000000)
  region size 1024K, 23 young (23552K), 0 survivors (0K)
 Metaspace       used 6398K, committed 6592K, reserved 1114112K
  class space    used 719K, committed 832K, reserved 1048576K
}
Event: 3.067 GC heap after
{Heap after GC invocations=1 (full 0):
 garbage-first heap   total 126976K, used 7491K [0x0000000084c00000, 0x0000000100000000)
  region size 1024K, 3 young (3072K), 3 survivors (3072K)
 Metaspace       used 6398K, committed 6592K, reserved 1114112K
  class space    used 719K, committed 832K, reserved 1048576K
}
Event: 4.421 GC heap before
{Heap before GC invocations=1 (full 0):
 garbage-first heap   total 126976K, used 33091K [0x0000000084c00000, 0x0000000100000000)
  region size 1024K, 29 young (29696K), 3 survivors (3072K)
 Metaspace       used 12669K, committed 12928K, reserved 1114112K
  class space    used 1654K, committed 1728K, reserved 1048576K
}
Event: 4.435 GC heap after
{Heap after GC invocations=2 (full 0):
 garbage-first heap   total 126976K, used 9522K [0x0000000084c00000, 0x0000000100000000)
  region size 1024K, 2 young (2048K), 2 survivors (2048K)
 Metaspace       used 12669K, committed 12928K, reserved 1114112K
  class space    used 1654K, committed 1728K, reserved 1048576K
}
Event: 6.172 GC heap before
{Heap before GC invocations=2 (full 0):
 garbage-first heap   total 126976K, used 55602K [0x0000000084c00000, 0x0000000100000000)
  region size 1024K, 49 young (50176K), 2 survivors (2048K)
 Metaspace       used 21276K, committed 21504K, reserved 1114112K
  class space    used 2631K, committed 2752K, reserved 1048576K
}
Event: 6.196 GC heap after
{Heap after GC invocations=3 (full 0):
 garbage-first heap   total 126976K, used 13367K [0x0000000084c00000, 0x0000000100000000)
  region size 1024K, 6 young (6144K), 6 survivors (6144K)
 Metaspace       used 21276K, committed 21504K, reserved 1114112K
  class space    used 2631K, committed 2752K, reserved 1048576K
}
Event: 8.160 GC heap before
{Heap before GC invocations=4 (full 0):
 garbage-first heap   total 51200K, used 37943K [0x0000000084c00000, 0x0000000100000000)
  region size 1024K, 30 young (30720K), 6 survivors (6144K)
 Metaspace       used 25348K, committed 25728K, reserved 1114112K
  class space    used 3200K, committed 3392K, reserved 1048576K
}
Event: 8.197 GC heap after
{Heap after GC invocations=5 (full 0):
 garbage-first heap   total 51200K, used 15572K [0x0000000084c00000, 0x0000000100000000)
  region size 1024K, 3 young (3072K), 3 survivors (3072K)
 Metaspace       used 25348K, committed 25728K, reserved 1114112K
  class space    used 3200K, committed 3392K, reserved 1048576K
}
Event: 8.271 GC heap before
{Heap before GC invocations=5 (full 0):
 garbage-first heap   total 51200K, used 16596K [0x0000000084c00000, 0x0000000100000000)
  region size 1024K, 4 young (4096K), 3 survivors (3072K)
 Metaspace       used 25549K, committed 25920K, reserved 1114112K
  class space    used 3235K, committed 3392K, reserved 1048576K
}
Event: 8.285 GC heap after
{Heap after GC invocations=6 (full 0):
 garbage-first heap   total 51200K, used 15696K [0x0000000084c00000, 0x0000000100000000)
  region size 1024K, 1 young (1024K), 1 survivors (1024K)
 Metaspace       used 25549K, committed 25920K, reserved 1114112K
  class space    used 3235K, committed 3392K, reserved 1048576K
}
Event: 9.913 GC heap before
{Heap before GC invocations=6 (full 0):
 garbage-first heap   total 51200K, used 34128K [0x0000000084c00000, 0x0000000100000000)
  region size 1024K, 20 young (20480K), 1 survivors (1024K)
 Metaspace       used 29975K, committed 30400K, reserved 1114112K
  class space    used 3813K, committed 4032K, reserved 1048576K
}
Event: 9.927 GC heap after
{Heap after GC invocations=7 (full 0):
 garbage-first heap   total 51200K, used 17352K [0x0000000084c00000, 0x0000000100000000)
  region size 1024K, 3 young (3072K), 3 survivors (3072K)
 Metaspace       used 29975K, committed 30400K, reserved 1114112K
  class space    used 3813K, committed 4032K, reserved 1048576K
}
Event: 11.052 GC heap before
{Heap before GC invocations=7 (full 0):
 garbage-first heap   total 51200K, used 36808K [0x0000000084c00000, 0x0000000100000000)
  region size 1024K, 22 young (22528K), 3 survivors (3072K)
 Metaspace       used 33290K, committed 33856K, reserved 1114112K
  class space    used 4272K, committed 4544K, reserved 1048576K
}
Event: 11.073 GC heap after
{Heap after GC invocations=8 (full 0):
 garbage-first heap   total 51200K, used 18556K [0x0000000084c00000, 0x0000000100000000)
  region size 1024K, 2 young (2048K), 2 survivors (2048K)
 Metaspace       used 33290K, committed 33856K, reserved 1114112K
  class space    used 4272K, committed 4544K, reserved 1048576K
}
Event: 11.627 GC heap before
{Heap before GC invocations=8 (full 0):
 garbage-first heap   total 51200K, used 25724K [0x0000000084c00000, 0x0000000100000000)
  region size 1024K, 10 young (10240K), 2 survivors (2048K)
 Metaspace       used 35437K, committed 35968K, reserved 1114112K
  class space    used 4609K, committed 4864K, reserved 1048576K
}
Event: 11.636 GC heap after
{Heap after GC invocations=9 (full 0):
 garbage-first heap   total 78848K, used 18847K [0x0000000084c00000, 0x0000000100000000)
  region size 1024K, 2 young (2048K), 2 survivors (2048K)
 Metaspace       used 35437K, committed 35968K, reserved 1114112K
  class space    used 4609K, committed 4864K, reserved 1048576K
}
Event: 14.520 GC heap before
{Heap before GC invocations=10 (full 0):
 garbage-first heap   total 68608K, used 56735K [0x0000000084c00000, 0x0000000100000000)
  region size 1024K, 40 young (40960K), 2 survivors (2048K)
 Metaspace       used 47001K, committed 47488K, reserved 1114112K
  class space    used 6226K, committed 6464K, reserved 1048576K
}
Event: 14.540 GC heap after
{Heap after GC invocations=11 (full 0):
 garbage-first heap   total 68608K, used 21913K [0x0000000084c00000, 0x0000000100000000)
  region size 1024K, 5 young (5120K), 5 survivors (5120K)
 Metaspace       used 47001K, committed 47488K, reserved 1114112K
  class space    used 6226K, committed 6464K, reserved 1048576K
}
Event: 17.605 GC heap before
{Heap before GC invocations=11 (full 0):
 garbage-first heap   total 68608K, used 51609K [0x0000000084c00000, 0x0000000100000000)
  region size 1024K, 34 young (34816K), 5 survivors (5120K)
 Metaspace       used 54392K, committed 54912K, reserved 1114112K
  class space    used 7294K, committed 7552K, reserved 1048576K
}
Event: 17.629 GC heap after
{Heap after GC invocations=12 (full 0):
 garbage-first heap   total 68608K, used 23536K [0x0000000084c00000, 0x0000000100000000)
  region size 1024K, 2 young (2048K), 2 survivors (2048K)
 Metaspace       used 54392K, committed 54912K, reserved 1114112K
  class space    used 7294K, committed 7552K, reserved 1048576K
}

